c:\users\riley\onedrive\documents\msd\driver_leap\objs\driver_leap\x64\release\vc142.pdb
c:\users\riley\onedrive\documents\msd\driver_leap\objs\driver_leap\x64\release\pugixml.obj
c:\users\riley\onedrive\documents\msd\driver_leap\objs\driver_leap\x64\release\dllmain.obj
c:\users\riley\onedrive\documents\msd\driver_leap\objs\driver_leap\x64\release\utils.obj
c:\users\riley\onedrive\documents\msd\driver_leap\objs\driver_leap\x64\release\cgesturematcher.obj
c:\users\riley\onedrive\documents\msd\driver_leap\objs\driver_leap\x64\release\cleapstation.obj
c:\users\riley\onedrive\documents\msd\driver_leap\objs\driver_leap\x64\release\cleapcontrollerindex.obj
c:\users\riley\onedrive\documents\msd\driver_leap\objs\driver_leap\x64\release\cleapcontroller.obj
c:\users\riley\onedrive\documents\msd\driver_leap\objs\driver_leap\x64\release\ccontrollerbutton.obj
c:\users\riley\onedrive\documents\msd\driver_leap\objs\driver_leap\x64\release\cserverdriver.obj
c:\users\riley\onedrive\documents\msd\driver_leap\objs\driver_leap\x64\release\cleappoller.obj
c:\users\riley\onedrive\documents\msd\driver_leap\objs\driver_leap\x64\release\cdriverconfig.obj
c:\users\riley\onedrive\documents\msd\driver_leap\objs\driver_leap\x64\release\driver_leap.pch
c:\users\riley\onedrive\documents\msd\driver_leap\objs\driver_leap\x64\release\stdafx.obj
c:\users\riley\onedrive\documents\msd\driver_leap\objs\driver_leap\x64\release\driverlog.obj
c:\users\riley\onedrive\documents\msd\driver_leap\bin\win64\driver_leap.lib
c:\users\riley\onedrive\documents\msd\driver_leap\bin\win64\driver_leap.exp
c:\users\riley\onedrive\documents\msd\driver_leap\bin\win64\libcurl.dll
c:\users\riley\onedrive\documents\msd\driver_leap\bin\win64\zlib1.dll
c:\users\riley\onedrive\documents\msd\driver_leap\bin\win64\driver_leap.dll
c:\users\riley\onedrive\documents\msd\driver_leap\objs\driver_leap\x64\release\driver_leap.ipdb
c:\users\riley\onedrive\documents\msd\driver_leap\objs\driver_leap\x64\release\driver_leap.iobj
c:\users\riley\onedrive\documents\msd\driver_leap\objs\driver_leap\x64\release\driver_leap.tlog\cl.command.1.tlog
c:\users\riley\onedrive\documents\msd\driver_leap\objs\driver_leap\x64\release\driver_leap.tlog\cl.read.1.tlog
c:\users\riley\onedrive\documents\msd\driver_leap\objs\driver_leap\x64\release\driver_leap.tlog\cl.write.1.tlog
c:\users\riley\onedrive\documents\msd\driver_leap\objs\driver_leap\x64\release\driver_leap.tlog\driver_leap.write.1u.tlog
c:\users\riley\onedrive\documents\msd\driver_leap\objs\driver_leap\x64\release\driver_leap.tlog\link.command.1.tlog
c:\users\riley\onedrive\documents\msd\driver_leap\objs\driver_leap\x64\release\driver_leap.tlog\link.read.1.tlog
c:\users\riley\onedrive\documents\msd\driver_leap\objs\driver_leap\x64\release\driver_leap.tlog\link.write.1.tlog
